<?xml version="1.0" encoding="UTF-8"?>
<!-- Generated by org.testng.reporters.JUnitXMLReporter -->
<testsuite hostname="Naman-L" ignored="3" name="Test" tests="6" failures="0" timestamp="27 Feb 2020 13:05:07 GMT" time="103.985" errors="0">
  <testcase name="Check_Login_Is_Successful" time="14.83" classname="com.quo.Login.MainTestPackage.LoginPage_Test"/>
  <testcase name="Navigate_To_Sprint_Report" time="9.681" classname="com.quo.SprintReport.MainTestPackage.SprintReportPage_Test"/>
  <testcase name="Select_Sprint_In_Drop_Down" time="0.846" classname="com.quo.SprintReport.MainTestPackage.SprintReportPage_Test"/>
  <testcase name="Generate_XLSX_Template_For_Sprint_Report" time="0.803" classname="com.quo.SprintReport.MainTestPackage.SprintReportPage_Test"/>
  <testcase name="Get_Data_For_Available_Block" time="49.699" classname="com.quo.SprintReport.MainTestPackage.SprintReportPage_Test"/>
  <testcase name="Send_Report_To_Email" time="5.57" classname="com.quo.SprintReport.MainTestPackage.SprintReportPage_Test"/>
  <testcase name="@AfterTest endTest" time="0.0" classname="com.quo.core.CreateDriver">
    <ignored/>
  </testcase> <!-- @AfterTest endTest -->
  <testcase name="@BeforeTest startTest" time="0.0" classname="com.quo.core.CreateDriver">
    <ignored/>
  </testcase> <!-- @BeforeTest startTest -->
  <testcase name="@BeforeSuite beforeSuite" time="0.0" classname="com.quo.core.CreateDriver">
    <ignored/>
  </testcase> <!-- @BeforeSuite beforeSuite -->
</testsuite> <!-- Test -->
